<?xml version="1.0" encoding="UTF-8"?>
<testng-results ignored="0" total="8" passed="7" failed="1" skipped="0">
  <reporter-output>
  </reporter-output>
  <suite started-at="2024-01-28T17:51:36 EST" name="Default suite" finished-at="2024-01-28T17:52:43 EST" duration-ms="66923">
    <groups>
    </groups>
    <test started-at="2024-01-28T17:51:36 EST" name="Default test" finished-at="2024-01-28T17:52:43 EST" duration-ms="66923">
      <class name="Selenium_ecomm.Browser_Launch">
        <test-method is-config="true" signature="launchBrowser()[pri:0, instance:Selenium_ecomm.Browser_Launch@53fb3dab]" started-at="2024-01-28T17:51:36 EST" name="launchBrowser" finished-at="2024-01-28T17:51:43 EST" duration-ms="7065" status="PASS">
          <reporter-output>
          </reporter-output>
        </test-method> <!-- launchBrowser -->
        <test-method signature="alertMethod()[pri:0, instance:Selenium_ecomm.Browser_Launch@53fb3dab]" started-at="2024-01-28T17:51:43 EST" name="alertMethod" finished-at="2024-01-28T17:51:43 EST" duration-ms="90" status="PASS">
          <reporter-output>
          </reporter-output>
        </test-method> <!-- alertMethod -->
        <test-method is-config="true" signature="tearDown(org.testng.ITestResult)[pri:0, instance:Selenium_ecomm.Browser_Launch@53fb3dab]" started-at="2024-01-28T17:51:43 EST" name="tearDown" finished-at="2024-01-28T17:51:43 EST" duration-ms="189" status="PASS">
          <params>
            <param index="0">
              <value>
                <![CDATA[[TestResult name=alertMethod status=SUCCESS method=Browser_Launch.alertMethod()[pri:0, instance:Selenium_ecomm.Browser_Launch@53fb3dab] output={null}]]]>
              </value>
            </param>
          </params>
          <reporter-output>
          </reporter-output>
        </test-method> <!-- tearDown -->
        <test-method is-config="true" signature="launchBrowser()[pri:0, instance:Selenium_ecomm.Browser_Launch@53fb3dab]" started-at="2024-01-28T17:51:43 EST" name="launchBrowser" finished-at="2024-01-28T17:51:49 EST" duration-ms="5420" status="PASS">
          <reporter-output>
          </reporter-output>
        </test-method> <!-- launchBrowser -->
        <test-method signature="inputResize()[pri:0, instance:Selenium_ecomm.Browser_Launch@53fb3dab]" started-at="2024-01-28T17:51:49 EST" name="inputResize" finished-at="2024-01-28T17:51:51 EST" duration-ms="2031" status="FAIL">
          <exception class="org.openqa.selenium.JavascriptException">
            <message>
              <![CDATA[javascript error: window.scrollInTo is not a function
  (Session info: chrome=121.0.6167.86)
Build info: version: '4.10.0', revision: 'c14d967899'
System info: os.name: 'Windows 10', os.arch: 'amd64', os.version: '10.0', java.version: '17.0.7'
Driver info: org.openqa.selenium.chrome.ChromeDriver
Command: [5b81ec3a53eaa85622d9a3fe4af8c1f8, executeScript {script=window.scrollInTo(0,1000), args=[]}]
Capabilities {acceptInsecureCerts: false, browserName: chrome, browserVersion: 121.0.6167.86, chrome: {chromedriverVersion: 121.0.6167.85 (3f98d690ad7e..., userDataDir: C:\Users\ANKITR~1\AppData\L...}, fedcm:accounts: true, goog:chromeOptions: {debuggerAddress: localhost:51085}, networkConnectionEnabled: false, pageLoadStrategy: normal, platformName: windows, proxy: Proxy(), se:cdp: ws://localhost:51085/devtoo..., se:cdpVersion: 121.0.6167.86, setWindowRect: true, strictFileInteractability: false, timeouts: {implicit: 0, pageLoad: 300000, script: 30000}, unhandledPromptBehavior: dismiss and notify, webauthn:extension:credBlob: true, webauthn:extension:largeBlob: true, webauthn:extension:minPinLength: true, webauthn:extension:prf: true, webauthn:virtualAuthenticators: true}
Session ID: 5b81ec3a53eaa85622d9a3fe4af8c1f8]]>
            </message>
            <full-stacktrace>
              <![CDATA[org.openqa.selenium.JavascriptException: javascript error: window.scrollInTo is not a function
  (Session info: chrome=121.0.6167.86)
Build info: version: '4.10.0', revision: 'c14d967899'
System info: os.name: 'Windows 10', os.arch: 'amd64', os.version: '10.0', java.version: '17.0.7'
Driver info: org.openqa.selenium.chrome.ChromeDriver
Command: [5b81ec3a53eaa85622d9a3fe4af8c1f8, executeScript {script=window.scrollInTo(0,1000), args=[]}]
Capabilities {acceptInsecureCerts: false, browserName: chrome, browserVersion: 121.0.6167.86, chrome: {chromedriverVersion: 121.0.6167.85 (3f98d690ad7e..., userDataDir: C:\Users\ANKITR~1\AppData\L...}, fedcm:accounts: true, goog:chromeOptions: {debuggerAddress: localhost:51085}, networkConnectionEnabled: false, pageLoadStrategy: normal, platformName: windows, proxy: Proxy(), se:cdp: ws://localhost:51085/devtoo..., se:cdpVersion: 121.0.6167.86, setWindowRect: true, strictFileInteractability: false, timeouts: {implicit: 0, pageLoad: 300000, script: 30000}, unhandledPromptBehavior: dismiss and notify, webauthn:extension:credBlob: true, webauthn:extension:largeBlob: true, webauthn:extension:minPinLength: true, webauthn:extension:prf: true, webauthn:virtualAuthenticators: true}
Session ID: 5b81ec3a53eaa85622d9a3fe4af8c1f8
at java.base/jdk.internal.reflect.NativeConstructorAccessorImpl.newInstance0(Native Method)
at java.base/jdk.internal.reflect.NativeConstructorAccessorImpl.newInstance(NativeConstructorAccessorImpl.java:77)
at java.base/jdk.internal.reflect.DelegatingConstructorAccessorImpl.newInstance(DelegatingConstructorAccessorImpl.java:45)
at java.base/java.lang.reflect.Constructor.newInstanceWithCaller(Constructor.java:499)
at java.base/java.lang.reflect.Constructor.newInstance(Constructor.java:480)
at org.openqa.selenium.remote.codec.w3c.W3CHttpResponseCodec.createException(W3CHttpResponseCodec.java:199)
at org.openqa.selenium.remote.codec.w3c.W3CHttpResponseCodec.decode(W3CHttpResponseCodec.java:132)
at org.openqa.selenium.remote.codec.w3c.W3CHttpResponseCodec.decode(W3CHttpResponseCodec.java:51)
at org.openqa.selenium.remote.HttpCommandExecutor.execute(HttpCommandExecutor.java:191)
at org.openqa.selenium.remote.service.DriverCommandExecutor.invokeExecute(DriverCommandExecutor.java:196)
at org.openqa.selenium.remote.service.DriverCommandExecutor.execute(DriverCommandExecutor.java:171)
at org.openqa.selenium.remote.RemoteWebDriver.execute(RemoteWebDriver.java:531)
at org.openqa.selenium.remote.RemoteWebDriver.executeScript(RemoteWebDriver.java:476)
at Selenium_ecomm.Browser_Launch.inputResize(Browser_Launch.java:217)
at java.base/jdk.internal.reflect.NativeMethodAccessorImpl.invoke0(Native Method)
at java.base/jdk.internal.reflect.NativeMethodAccessorImpl.invoke(NativeMethodAccessorImpl.java:77)
at java.base/jdk.internal.reflect.DelegatingMethodAccessorImpl.invoke(DelegatingMethodAccessorImpl.java:43)
at java.base/java.lang.reflect.Method.invoke(Method.java:568)
at org.testng.internal.invokers.MethodInvocationHelper.invokeMethod(MethodInvocationHelper.java:139)
at org.testng.internal.invokers.TestInvoker.invokeMethod(TestInvoker.java:664)
at org.testng.internal.invokers.TestInvoker.invokeTestMethod(TestInvoker.java:227)
at org.testng.internal.invokers.MethodRunner.runInSequence(MethodRunner.java:50)
at org.testng.internal.invokers.TestInvoker$MethodInvocationAgent.invoke(TestInvoker.java:957)
at org.testng.internal.invokers.TestInvoker.invokeTestMethods(TestInvoker.java:200)
at org.testng.internal.invokers.TestMethodWorker.invokeTestMethods(TestMethodWorker.java:148)
at org.testng.internal.invokers.TestMethodWorker.run(TestMethodWorker.java:128)
at java.base/java.util.ArrayList.forEach(ArrayList.java:1511)
at org.testng.TestRunner.privateRun(TestRunner.java:848)
at org.testng.TestRunner.run(TestRunner.java:621)
at org.testng.SuiteRunner.runTest(SuiteRunner.java:443)
at org.testng.SuiteRunner.runSequentially(SuiteRunner.java:437)
at org.testng.SuiteRunner.privateRun(SuiteRunner.java:397)
at org.testng.SuiteRunner.run(SuiteRunner.java:336)
at org.testng.SuiteRunnerWorker.runSuite(SuiteRunnerWorker.java:52)
at org.testng.SuiteRunnerWorker.run(SuiteRunnerWorker.java:95)
at org.testng.TestNG.runSuitesSequentially(TestNG.java:1280)
at org.testng.TestNG.runSuitesLocally(TestNG.java:1200)
at org.testng.TestNG.runSuites(TestNG.java:1114)
at org.testng.TestNG.run(TestNG.java:1082)
at org.testng.remote.AbstractRemoteTestNG.run(AbstractRemoteTestNG.java:115)
at org.testng.remote.RemoteTestNG.initAndRun(RemoteTestNG.java:251)
at org.testng.remote.RemoteTestNG.main(RemoteTestNG.java:77)
]]>
            </full-stacktrace>
          </exception> <!-- org.openqa.selenium.JavascriptException -->
          <reporter-output>
          </reporter-output>
        </test-method> <!-- inputResize -->
        <test-method is-config="true" signature="tearDown(org.testng.ITestResult)[pri:0, instance:Selenium_ecomm.Browser_Launch@53fb3dab]" started-at="2024-01-28T17:51:51 EST" name="tearDown" finished-at="2024-01-28T17:51:51 EST" duration-ms="390" status="PASS">
          <params>
            <param index="0">
              <value>
                <![CDATA[[TestResult name=inputResize status=FAILURE method=Browser_Launch.inputResize()[pri:0, instance:Selenium_ecomm.Browser_Launch@53fb3dab] output={null}]]]>
              </value>
            </param>
          </params>
          <reporter-output>
          </reporter-output>
        </test-method> <!-- tearDown -->
        <test-method is-config="true" signature="launchBrowser()[pri:0, instance:Selenium_ecomm.Browser_Launch@53fb3dab]" started-at="2024-01-28T17:51:51 EST" name="launchBrowser" finished-at="2024-01-28T17:51:56 EST" duration-ms="4482" status="PASS">
          <reporter-output>
          </reporter-output>
        </test-method> <!-- launchBrowser -->
        <test-method signature="mouseActivity()[pri:0, instance:Selenium_ecomm.Browser_Launch@53fb3dab]" started-at="2024-01-28T17:51:56 EST" name="mouseActivity" finished-at="2024-01-28T17:51:58 EST" duration-ms="2170" status="PASS">
          <reporter-output>
          </reporter-output>
        </test-method> <!-- mouseActivity -->
        <test-method is-config="true" signature="tearDown(org.testng.ITestResult)[pri:0, instance:Selenium_ecomm.Browser_Launch@53fb3dab]" started-at="2024-01-28T17:51:58 EST" name="tearDown" finished-at="2024-01-28T17:51:58 EST" duration-ms="197" status="PASS">
          <params>
            <param index="0">
              <value>
                <![CDATA[[TestResult name=mouseActivity status=SUCCESS method=Browser_Launch.mouseActivity()[pri:0, instance:Selenium_ecomm.Browser_Launch@53fb3dab] output={null}]]]>
              </value>
            </param>
          </params>
          <reporter-output>
          </reporter-output>
        </test-method> <!-- tearDown -->
        <test-method is-config="true" signature="launchBrowser()[pri:0, instance:Selenium_ecomm.Browser_Launch@53fb3dab]" started-at="2024-01-28T17:51:58 EST" name="launchBrowser" finished-at="2024-01-28T17:52:04 EST" duration-ms="5689" status="PASS">
          <reporter-output>
          </reporter-output>
        </test-method> <!-- launchBrowser -->
        <test-method signature="selectRadioButton()[pri:0, instance:Selenium_ecomm.Browser_Launch@53fb3dab]" started-at="2024-01-28T17:52:04 EST" name="selectRadioButton" finished-at="2024-01-28T17:52:06 EST" duration-ms="2083" status="PASS">
          <reporter-output>
          </reporter-output>
        </test-method> <!-- selectRadioButton -->
        <test-method is-config="true" signature="tearDown(org.testng.ITestResult)[pri:0, instance:Selenium_ecomm.Browser_Launch@53fb3dab]" started-at="2024-01-28T17:52:06 EST" name="tearDown" finished-at="2024-01-28T17:52:06 EST" duration-ms="182" status="PASS">
          <params>
            <param index="0">
              <value>
                <![CDATA[[TestResult name=selectRadioButton status=SUCCESS method=Browser_Launch.selectRadioButton()[pri:0, instance:Selenium_ecomm.Browser_Launch@53fb3dab] output={null}]]]>
              </value>
            </param>
          </params>
          <reporter-output>
          </reporter-output>
        </test-method> <!-- tearDown -->
        <test-method is-config="true" signature="launchBrowser()[pri:0, instance:Selenium_ecomm.Browser_Launch@53fb3dab]" started-at="2024-01-28T17:52:06 EST" name="launchBrowser" finished-at="2024-01-28T17:52:11 EST" duration-ms="4719" status="PASS">
          <reporter-output>
          </reporter-output>
        </test-method> <!-- launchBrowser -->
        <test-method signature="sliderMethod()[pri:0, instance:Selenium_ecomm.Browser_Launch@53fb3dab]" started-at="2024-01-28T17:52:11 EST" name="sliderMethod" finished-at="2024-01-28T17:52:17 EST" duration-ms="5823" status="PASS">
          <reporter-output>
          </reporter-output>
        </test-method> <!-- sliderMethod -->
        <test-method is-config="true" signature="tearDown(org.testng.ITestResult)[pri:0, instance:Selenium_ecomm.Browser_Launch@53fb3dab]" started-at="2024-01-28T17:52:17 EST" name="tearDown" finished-at="2024-01-28T17:52:17 EST" duration-ms="1" status="PASS">
          <params>
            <param index="0">
              <value>
                <![CDATA[[TestResult name=sliderMethod status=SUCCESS method=Browser_Launch.sliderMethod()[pri:0, instance:Selenium_ecomm.Browser_Launch@53fb3dab] output={null}]]]>
              </value>
            </param>
          </params>
          <reporter-output>
          </reporter-output>
        </test-method> <!-- tearDown -->
        <test-method is-config="true" signature="launchBrowser()[pri:0, instance:Selenium_ecomm.Browser_Launch@53fb3dab]" started-at="2024-01-28T17:52:17 EST" name="launchBrowser" finished-at="2024-01-28T17:52:22 EST" duration-ms="4963" status="PASS">
          <reporter-output>
          </reporter-output>
        </test-method> <!-- launchBrowser -->
        <test-method signature="verifyWebTable()[pri:0, instance:Selenium_ecomm.Browser_Launch@53fb3dab]" started-at="2024-01-28T17:52:22 EST" name="verifyWebTable" finished-at="2024-01-28T17:52:26 EST" duration-ms="4033" status="PASS">
          <reporter-output>
          </reporter-output>
        </test-method> <!-- verifyWebTable -->
        <test-method is-config="true" signature="tearDown(org.testng.ITestResult)[pri:0, instance:Selenium_ecomm.Browser_Launch@53fb3dab]" started-at="2024-01-28T17:52:26 EST" name="tearDown" finished-at="2024-01-28T17:52:26 EST" duration-ms="134" status="PASS">
          <params>
            <param index="0">
              <value>
                <![CDATA[[TestResult name=verifyWebTable status=SUCCESS method=Browser_Launch.verifyWebTable()[pri:0, instance:Selenium_ecomm.Browser_Launch@53fb3dab] output={null}]]]>
              </value>
            </param>
          </params>
          <reporter-output>
          </reporter-output>
        </test-method> <!-- tearDown -->
        <test-method is-config="true" signature="launchBrowser()[pri:0, instance:Selenium_ecomm.Browser_Launch@53fb3dab]" started-at="2024-01-28T17:52:26 EST" name="launchBrowser" finished-at="2024-01-28T17:52:30 EST" duration-ms="4749" status="PASS">
          <reporter-output>
          </reporter-output>
        </test-method> <!-- launchBrowser -->
        <test-method signature="windowHandle()[pri:0, instance:Selenium_ecomm.Browser_Launch@53fb3dab]" started-at="2024-01-28T17:52:30 EST" name="windowHandle" finished-at="2024-01-28T17:52:35 EST" duration-ms="4202" status="PASS">
          <reporter-output>
          </reporter-output>
        </test-method> <!-- windowHandle -->
        <test-method is-config="true" signature="tearDown(org.testng.ITestResult)[pri:0, instance:Selenium_ecomm.Browser_Launch@53fb3dab]" started-at="2024-01-28T17:52:35 EST" name="tearDown" finished-at="2024-01-28T17:52:35 EST" duration-ms="136" status="PASS">
          <params>
            <param index="0">
              <value>
                <![CDATA[[TestResult name=windowHandle status=SUCCESS method=Browser_Launch.windowHandle()[pri:0, instance:Selenium_ecomm.Browser_Launch@53fb3dab] output={null}]]]>
              </value>
            </param>
          </params>
          <reporter-output>
          </reporter-output>
        </test-method> <!-- tearDown -->
        <test-method is-config="true" signature="launchBrowser()[pri:0, instance:Selenium_ecomm.Browser_Launch@53fb3dab]" started-at="2024-01-28T17:52:35 EST" name="launchBrowser" finished-at="2024-01-28T17:52:39 EST" duration-ms="4589" status="PASS">
          <reporter-output>
          </reporter-output>
        </test-method> <!-- launchBrowser -->
        <test-method signature="verifyDropdown()[pri:1, instance:Selenium_ecomm.Browser_Launch@53fb3dab]" started-at="2024-01-28T17:52:39 EST" name="verifyDropdown" finished-at="2024-01-28T17:52:43 EST" duration-ms="3342" status="PASS">
          <reporter-output>
          </reporter-output>
        </test-method> <!-- verifyDropdown -->
        <test-method is-config="true" signature="tearDown(org.testng.ITestResult)[pri:0, instance:Selenium_ecomm.Browser_Launch@53fb3dab]" started-at="2024-01-28T17:52:43 EST" name="tearDown" finished-at="2024-01-28T17:52:43 EST" duration-ms="179" status="PASS">
          <params>
            <param index="0">
              <value>
                <![CDATA[[TestResult name=verifyDropdown status=SUCCESS method=Browser_Launch.verifyDropdown()[pri:1, instance:Selenium_ecomm.Browser_Launch@53fb3dab] output={null}]]]>
              </value>
            </param>
          </params>
          <reporter-output>
          </reporter-output>
        </test-method> <!-- tearDown -->
      </class> <!-- Selenium_ecomm.Browser_Launch -->
    </test> <!-- Default test -->
  </suite> <!-- Default suite -->
</testng-results>
